Loaded 111 URLs across 7 groups. Running 111.
[1/111] https://clockwork9.com/
[2/111] https://clockwork9.com/test-expo/
[3/111] https://clockwork9.com/new-expo/
[4/111] https://clockwork9.com/another-test/
[5/111] https://clockwork9.com/test-22/
[6/111] https://clockwork9.com/final-test/
[7/111] https://clockwork9.com/test-test/
[8/111] https://clockwork9.com/2025-oda-annual-session/
[9/111] https://clockwork9.com/aao-hnsf-2025/
[10/111] https://clockwork9.com/the-advanced-materials-show-usa/
[11/111] https://clockwork9.com/blog/work/
[12/111] https://clockwork9.com/work/the-cleveland-orchestra/
[13/111] https://clockwork9.com/work/charles-schwab/
[14/111] https://clockwork9.com/work/plex/
[15/111] https://clockwork9.com/work/nike/
[16/111] https://clockwork9.com/work/aotl-trailer/
[17/111] https://clockwork9.com/work/aotl-black-cat-barbershop/
[18/111] https://clockwork9.com/work/aotl-02-arko-picture-framing/
[19/111] https://clockwork9.com/work/aotl-03-cleveland-print-co/
[20/111] https://clockwork9.com/work/aotl-04-billy-ritter-77/
[21/111] https://clockwork9.com/work/aotl-05-doug-katz/
[22/111] https://clockwork9.com/work/aotl-06-starbeing/
[23/111] https://clockwork9.com/work/nottingham-spirk/
[24/111] https://clockwork9.com/work/anderson-international/
[25/111] https://clockwork9.com/work/scenario-trainer/
[26/111] https://clockwork9.com/work/fanatics/
[27/111] https://clockwork9.com/work/c9-2025-reel/
[28/111] https://clockwork9.com/work/c9-live-event-reel/
[29/111] https://clockwork9.com/work/progressive-life-insurance/
[30/111] https://clockwork9.com/work/rust-belt-riders/
[31/111] https://clockwork9.com/work/nidec-press-automation/
[32/111] https://clockwork9.com/work/squirrels/
[33/111] https://clockwork9.com/work/ernst-young/
[34/111] https://clockwork9.com/work/cavs-cleveland-art-museum/
[35/111] https://clockwork9.com/work/found-surface/
[36/111] https://clockwork9.com/work/university-of-notre-dame/
[37/111] https://clockwork9.com/work
[38/111] https://clockwork9.com/event-terms
[39/111] https://clockwork9.com/blog/
[40/111] https://clockwork9.com/blog/news/we-got-fiber-internet-installed-at-the-c9-studio-and-its-fast/
[41/111] https://clockwork9.com/blog/creative/the-most-influential-videos-of-all-time/
[42/111] https://clockwork9.com/blog/news/c9-celebrates-five-years-in-business/
[43/111] https://clockwork9.com/blog/product-reviews/the-best-wireless-follow-focus-system-for-the-buck-our-review-of-the-nucleus-m-from-tilta/
[44/111] https://clockwork9.com/blog/creative/company-culture-hack-pets-at-the-office/
[45/111] https://clockwork9.com/blog/product-reviews/how-ignite-digi-has-massively-benefited-our-video-productions/
[46/111] https://clockwork9.com/blog/product-reviews/using-dehancer-pro-in-our-post-production-workflow/
[47/111] https://clockwork9.com/blog/tutorials/getting-started-as-an-fpv-drone-pilot/
[48/111] https://clockwork9.com/blog/marketing/our-favorite-super-bowl-lvii-ads/
[49/111] https://clockwork9.com/blog/product-reviews/built-to-order-workstations-from-puget-systems-our-testimonial/
[50/111] https://clockwork9.com/blog/product-reviews/why-every-videographer-needs-these-lights-in-their-kit-aputure-mc-4-light-review/
[51/111] https://clockwork9.com/blog/creative/is-working-from-home-the-new-normal/
[52/111] https://clockwork9.com/blog/news/four-years-in-the-making-clockwork-9/
[53/111] https://clockwork9.com/blog/product-reviews/uplift-its-more-than-a-desk/
[54/111] https://clockwork9.com/blog/tutorials/mocha-pro-plugin-lens-module/
[55/111] https://clockwork9.com/blog/marketing/creative-has-the-highest-impact-on-advertising-performance/
[56/111] https://clockwork9.com/blog/marketing/oh-god-another-business-blog/
[57/111] https://clockwork9.com/blog/product-reviews/adobe-premiere-vs-davinci-resolve/
[58/111] https://clockwork9.com/blog/product-reviews/is-this-the-best-standing-desk-on-amazon-for-under-500-our-review-of-the-brodan-electric-desk/
[59/111] https://clockwork9.com/blog/product-reviews/using-the-zoom-f8-multitrack-field-recorder/
[60/111] https://clockwork9.com/blog/product-reviews/our-review-of-the-6k-red-komodo/
[61/111] https://clockwork9.com/blog/product-reviews/the-most-affordable-panel-light-for-video-production/
[62/111] https://clockwork9.com/blog/product-reviews/unreal-engine-5-the-future-of-virtual-production-is-here/
[63/111] https://clockwork9.com/blog/creative/how-to-give-and-receive-creative-feedback/
[64/111] https://clockwork9.com/blog/creative/9-advantages-of-using-motion-graphics-to-tell-engaging-stories-that-inspire-customers/
[65/111] https://clockwork9.com/blog/product-reviews/the-arri-killer-lineup-zolar-vega-60c-and-80c-light-review/
[66/111] https://clockwork9.com/blog/creative/productive-collateral-blending-efficiency-effectiveness/
[67/111] https://clockwork9.com/blog/creative/the-rise-of-ai/
[68/111] https://clockwork9.com/blog/creative/the-art-of-storytelling-mastering-effective-brand-communication/
[69/111] https://clockwork9.com/blog/creative/technology-in-film-a-blessing-and-a-curse/
[70/111] https://clockwork9.com/blog/creative/unplug-recharge-an-antidote-to-burnout/
[71/111] https://clockwork9.com/blog/product-reviews/the-benefits-of-blue-light-glasses/
[72/111] https://clockwork9.com/blog/creative/why-you-should-take-risks-early-in-your-career/
[73/111] https://clockwork9.com/blog/tutorials/how-to-record-voiceover-getting-started-and-diy-tips/
[74/111] https://clockwork9.com/blog/creative/9-strategies-for-overcoming-creative-blocks/
[75/111] https://clockwork9.com/blog/press/andrew-spirk-on-the-storagereview-podcast/
[76/111] https://clockwork9.com/blog/creative/why-you-need-to-sound-design-your-videos/
[77/111] https://clockwork9.com/blog/product-reviews/using-exascends-external-portable-ssd-hard-drives-for-video-production/
[78/111] https://clockwork9.com/blog/product-reviews/mixpre-10ii-review/
[79/111] https://clockwork9.com/blog/creative/why-brand-video-production-is-more-than-just-pretty-footage/
[80/111] https://clockwork9.com/blog/creative/yeah-phone-content-works-no-its-not-a-video-strategy/
[81/111] https://clockwork9.com/blog/creative/from-manufacturing-to-tech-turning-complex-processes-into-clear-scalable-stories/
[82/111] https://clockwork9.com/blog/category/creative/
[83/111] https://clockwork9.com/blog/category/marketing/
[84/111] https://clockwork9.com/blog/category/news/
[85/111] https://clockwork9.com/blog/category/press/
[86/111] https://clockwork9.com/blog/category/product-reviews/
[87/111] https://clockwork9.com/blog/category/tutorials/
[88/111] https://clockwork9.com/blog/tag/affordable-panel-light/
[89/111] https://clockwork9.com/blog/tag/audio-production/
[90/111] https://clockwork9.com/blog/tag/audio-recorder/
[91/111] https://clockwork9.com/blog/tag/bi-color-led/
[92/111] https://clockwork9.com/blog/tag/cheap-youtube-light/
[93/111] https://clockwork9.com/blog/tag/field-recorder/
[94/111] https://clockwork9.com/blog/tag/mission-impossible-7/
[95/111] https://clockwork9.com/blog/tag/mixpre-10-ii/
[96/111] https://clockwork9.com/blog/tag/panel-light-review/
[97/111] https://clockwork9.com/blog/tag/vega-60c/
[98/111] https://clockwork9.com/blog/tag/vega-80c/
[99/111] https://clockwork9.com/blog/tag/z-cam/
[100/111] https://clockwork9.com/blog/tag/z-cam-light/
[101/111] https://clockwork9.com/blog/tag/zolar/
[102/111] https://clockwork9.com/blog/tag/zolar-toliman-30s/
[103/111] https://clockwork9.com/blog/author/rob-warmuth/
[104/111] https://clockwork9.com/blog/author/elliot-spaudie/
[105/111] https://clockwork9.com/blog/author/cecilia-li/
[106/111] https://clockwork9.com/blog/author/patrick-fitzgerald/
[107/111] https://clockwork9.com/blog/author/adam-huffman/
[108/111] https://clockwork9.com/blog/author/rachael-cathey/
[109/111] https://clockwork9.com/blog/author/stevie-james/
[110/111] https://clockwork9.com/blog/author/andrew-spirk/
[111/111] https://clockwork9.com/blog/author/admin/
Capturing mobile screenshots...
  saved home--mobile.png
  saved work-nike--mobile.png
Starting link check pass...
Found 9 internal links outside the inventory to check.
[linkcheck 1/9] https://clockwork9.com/work/found-surface-cavs/
[linkcheck 2/9] https://clockwork9.com/contact
[linkcheck 3/9] https://clockwork9.com/blog/work/page/2/
[linkcheck 4/9] https://clockwork9.com/blog/page/2/
[linkcheck 5/9] https://clockwork9.com/blog/page/3/
[linkcheck 6/9] https://clockwork9.com/blog/product-reviews/how-ignite-digi-has-massively-benefited-our-video-productions/ignitedigi.com.au
[linkcheck 7/9] https://clockwork9.com/2021/02/16/is-this-the-best-standing-desk-on-amazon-for-under-500-our-review-of-the-brodan-electric-desk/
[linkcheck 8/9] https://clockwork9.com/contact/
[linkcheck 9/9] https://clockwork9.com/2019/01/28/uplift-its-more-than-a-desk/
Saved results to /Users/giantrotta/Code/clockwork9-rebuild/docs/evidence/baseline-2026-07-18/audit-results.json
